2025-04-28T13:52:07.341Z || ezcloud.haidg || login || 5 || 1745847222123 || ::1
2025-04-28T13:52:07.341Z || ezcloud.haidg || reset || 5 || 1745847405632 || ::1
2025-04-28T16:36:38.874Z || ezcloud.haidg || login || 5 || 1745848327341 || ::1
2025-04-28T16:38:25.782Z || ezcloud.haidg || login || 3 || 2025-04-28 23:36 || ::1
2025-04-28T17:12:29.627Z || ezcloud.haidg || login || 5 || 2025-04-28 23:38 || ::1
2025-04-30T09:21:11.606Z || ezcloud.haidg || reset || 5 || 2025-04-28 23:41 || ::1
2025-04-30T09:33:20.085Z || ezcloud.haidg || login || 1 || 2025-04-30 16:21 || ::1
2025-04-30T11:04:47.386Z || ezcloud.haidg || login || 1 || 2025-04-30 17:45 || ::1
2025-04-30T11:12:38.184Z || ezcloud.haidg || login || 1 || 2025-04-30 18:04 || ::1
2025-05-01T09:14:42.984Z || ezcloud.haidg || login || 2 || 2025-05-01 16:11 || ::1
2025-05-02T22:47:16.555Z || ezcloud.haidg || login || 6 || 2025-05-03 00:29 || ::1
2025-05-04T00:01:09.800Z || ezcloud.haidg || login || 5 || 2025-05-03 05:47 || ::1
2025-05-04T07:12:50.450Z || ezcloud.haidg || login || 3 || 2025-05-04 07:01 || ::1
2025-05-04T07:38:31.822Z || ezcloud.haidg || login || 3 || 2025-05-04 14:12 || ::1
2025-05-04T08:15:05.056Z || ezcloud.haidg || login || 2 || 2025-05-04 14:38 || ::1
2025-05-04T09:55:29.070Z || ezcloud.haidg || login || 1 || 2025-05-04 15:15 || ::1
2025-05-04T10:37:19.306Z || ezcloud.haidg || login || 2 || 2025-05-04 16:55 || ::1
2025-05-04T10:49:16.908Z || ezcloud.haidg || login || 6 || 2025-05-04 17:37 || ::1
2025-05-04T11:06:55.903Z || ezcloud.haidg || login || 1 || 2025-05-04 17:52 || ::1
2025-05-04T13:04:47.987Z || ezcloud.haidg || login || 3 || 2025-05-04 18:10 || ::1
2025-05-04T13:16:34.006Z || hungnt1 || login || 2 || 2025-05-04 14:39 || ::1
2025-05-04T13:38:57.656Z || ezcloud.haidg || login || 2 || 2025-05-04 20:36 || ::1
2025-05-04T14:12:57.160Z || hungnt1 || login || 2 || 2025-05-04 20:40 || ::1
2025-05-04T14:35:43.238Z || ezcloud.haidg || login || 5 || 2025-05-04 20:39 || ::1
2025-05-04T14:38:17.892Z || ezcloud.haidg || login || 1 || 2025-05-04 21:35 || ::1
